[debug] [2023-04-25T03:22:45.890Z] ----------------------------------------------------------------------
[debug] [2023-04-25T03:22:45.892Z] Command:       /usr/local/bin/firebase /Users/thuhuyennguyen/.cache/firebase/tools/lib/node_modules/firebase-tools/lib/bin/firebase init
[debug] [2023-04-25T03:22:45.892Z] CLI Version:   11.28.0
[debug] [2023-04-25T03:22:45.892Z] Platform:      darwin
[debug] [2023-04-25T03:22:45.893Z] Node Version:  v16.16.0
[debug] [2023-04-25T03:22:45.894Z] Time:          Tue Apr 25 2023 10:22:45 GMT+0700 (Indochina Time)
[debug] [2023-04-25T03:22:45.894Z] ----------------------------------------------------------------------
[debug] 
[debug] [2023-04-25T03:22:45.978Z] > command requires scopes: ["email","openid","https://www.googleapis.com/auth/cloudplatformprojects.readonly","https://www.googleapis.com/auth/firebase","https://www.googleapis.com/auth/cloud-platform"]
[debug] [2023-04-25T03:22:45.979Z] > authorizing via signed-in user (huyenthu.nguyen212@gmail.com)
[info] 
     ######## #### ########  ######## ########     ###     ######  ########
     ##        ##  ##     ## ##       ##     ##  ##   ##  ##       ##
     ######    ##  ########  ######   ########  #########  ######  ######
     ##        ##  ##    ##  ##       ##     ## ##     ##       ## ##
     ##       #### ##     ## ######## ########  ##     ##  ######  ########

You're about to initialize a Firebase project in this directory:

  /Users/thuhuyennguyen/Public

Before we get started, keep in mind:

  * You are initializing within an existing Firebase project directory

[info] 
=== Project Setup
[info] 
[info] First, let's associate this project directory with a Firebase project.
[info] You can create multiple project aliases by running firebase use --add, 
[info] but for now we'll just set up a default project.
[info] 
[debug] [2023-04-25T03:23:11.072Z] Using project from CLI flag: becalonton-149b9
[debug] [2023-04-25T03:23:11.074Z] > refreshing access token with scopes: []
[debug] [2023-04-25T03:23:11.077Z] >>> [apiv2][query] POST https://www.googleapis.com/oauth2/v3/token [none]
[debug] [2023-04-25T03:23:11.077Z] >>> [apiv2][body] POST https://www.googleapis.com/oauth2/v3/token [omitted]
[debug] [2023-04-25T03:23:11.240Z] <<< [apiv2][status] POST https://www.googleapis.com/oauth2/v3/token 400
[debug] [2023-04-25T03:23:11.241Z] <<< [apiv2][body] POST https://www.googleapis.com/oauth2/v3/token [omitted]
[debug] [2023-04-25T03:23:11.242Z] >>> [apiv2][query] GET https://firebase.googleapis.com/v1beta1/projects/becalonton-149b9 [none]
[debug] [2023-04-25T03:23:11.394Z] <<< [apiv2][status] GET https://firebase.googleapis.com/v1beta1/projects/becalonton-149b9 401
[debug] [2023-04-25T03:23:11.395Z] <<< [apiv2][body] GET https://firebase.googleapis.com/v1beta1/projects/becalonton-149b9 {"error":{"code":401,"message":"Request had invalid authentication credentials. Expected OAuth 2 access token, login cookie or other valid authentication credential. See https://developers.google.com/identity/sign-in/web/devconsole-project.","status":"UNAUTHENTICATED"}}
[debug] [2023-04-25T03:23:11.396Z] HTTP Error: 401, Request had invalid authentication credentials. Expected OAuth 2 access token, login cookie or other valid authentication credential. See https://developers.google.com/identity/sign-in/web/devconsole-project.
[debug] [2023-04-25T03:23:11.530Z] FirebaseError: HTTP Error: 401, Request had invalid authentication credentials. Expected OAuth 2 access token, login cookie or other valid authentication credential. See https://developers.google.com/identity/sign-in/web/devconsole-project.
    at responseToError (/Users/thuhuyennguyen/.cache/firebase/tools/lib/node_modules/firebase-tools/lib/responseToError.js:49:12)
    at RetryOperation._fn (/Users/thuhuyennguyen/.cache/firebase/tools/lib/node_modules/firebase-tools/lib/apiv2.js:288:77)
    at processTicksAndRejections (node:internal/process/task_queues:96:5)
[error] 
[error] Error: Failed to get Firebase project becalonton-149b9. Please make sure the project exists and your account has permission to access it.
